<?xml version="1.0" encoding="UTF-8"?>
<testng-results skipped="0" failed="0" total="3" passed="3">
  <reporter-output>
  </reporter-output>
  <suite name="Suite" duration-ms="70353" started-at="2020-02-18T19:37:35Z" finished-at="2020-02-18T19:38:45Z">
    <groups>
    </groups>
    <test name="FirefoxTest" duration-ms="33914" started-at="2020-02-18T19:37:35Z" finished-at="2020-02-18T19:38:09Z">
      <class name="crossBrowserTests.VerifyTitle">
        <test-method status="PASS" signature="openBrowser(java.lang.String)[pri:0, instance:crossBrowserTests.VerifyTitle@77caeb3e]" name="openBrowser" is-config="true" duration-ms="26386" started-at="2020-02-19T01:07:35Z" finished-at="2020-02-19T01:08:01Z">
          <params>
            <param index="0">
              <value>
                <![CDATA[firefox]]>
              </value>
            </param>
          </params>
          <reporter-output>
          </reporter-output>
        </test-method> <!-- openBrowser -->
        <test-method status="PASS" signature="verifyTitle()[pri:0, instance:crossBrowserTests.VerifyTitle@77caeb3e]" name="verifyTitle" duration-ms="7375" started-at="2020-02-19T01:08:01Z" finished-at="2020-02-19T01:08:09Z">
          <reporter-output>
          </reporter-output>
        </test-method> <!-- verifyTitle -->
        <test-method status="PASS" signature="closeBrowser()[pri:0, instance:crossBrowserTests.VerifyTitle@77caeb3e]" name="closeBrowser" is-config="true" duration-ms="0" started-at="2020-02-19T01:08:09Z" finished-at="2020-02-19T01:08:09Z">
          <reporter-output>
          </reporter-output>
        </test-method> <!-- closeBrowser -->
      </class> <!-- crossBrowserTests.VerifyTitle -->
    </test> <!-- FirefoxTest -->
    <test name="IETest" duration-ms="19116" started-at="2020-02-18T19:38:10Z" finished-at="2020-02-18T19:38:29Z">
      <class name="crossBrowserTests.VerifyTitle">
        <test-method status="PASS" signature="openBrowser(java.lang.String)[pri:0, instance:crossBrowserTests.VerifyTitle@204f30ec]" name="openBrowser" is-config="true" duration-ms="18237" started-at="2020-02-19T01:08:10Z" finished-at="2020-02-19T01:08:28Z">
          <params>
            <param index="0">
              <value>
                <![CDATA[ie]]>
              </value>
            </param>
          </params>
          <reporter-output>
          </reporter-output>
        </test-method> <!-- openBrowser -->
        <test-method status="PASS" signature="verifyTitle()[pri:0, instance:crossBrowserTests.VerifyTitle@204f30ec]" name="verifyTitle" duration-ms="873" started-at="2020-02-19T01:08:28Z" finished-at="2020-02-19T01:08:29Z">
          <reporter-output>
          </reporter-output>
        </test-method> <!-- verifyTitle -->
        <test-method status="PASS" signature="closeBrowser()[pri:0, instance:crossBrowserTests.VerifyTitle@204f30ec]" name="closeBrowser" is-config="true" duration-ms="0" started-at="2020-02-19T01:08:29Z" finished-at="2020-02-19T01:08:29Z">
          <reporter-output>
          </reporter-output>
        </test-method> <!-- closeBrowser -->
      </class> <!-- crossBrowserTests.VerifyTitle -->
    </test> <!-- IETest -->
    <test name="ChromeTest" duration-ms="15991" started-at="2020-02-18T19:38:29Z" finished-at="2020-02-18T19:38:45Z">
      <class name="crossBrowserTests.VerifyTitle">
        <test-method status="PASS" signature="openBrowser(java.lang.String)[pri:0, instance:crossBrowserTests.VerifyTitle@f6c48ac]" name="openBrowser" is-config="true" duration-ms="11080" started-at="2020-02-19T01:08:29Z" finished-at="2020-02-19T01:08:40Z">
          <params>
            <param index="0">
              <value>
                <![CDATA[chrome]]>
              </value>
            </param>
          </params>
          <reporter-output>
          </reporter-output>
        </test-method> <!-- openBrowser -->
        <test-method status="PASS" signature="verifyTitle()[pri:0, instance:crossBrowserTests.VerifyTitle@f6c48ac]" name="verifyTitle" duration-ms="4908" started-at="2020-02-19T01:08:40Z" finished-at="2020-02-19T01:08:45Z">
          <reporter-output>
          </reporter-output>
        </test-method> <!-- verifyTitle -->
        <test-method status="PASS" signature="closeBrowser()[pri:0, instance:crossBrowserTests.VerifyTitle@f6c48ac]" name="closeBrowser" is-config="true" duration-ms="0" started-at="2020-02-19T01:08:45Z" finished-at="2020-02-19T01:08:45Z">
          <reporter-output>
          </reporter-output>
        </test-method> <!-- closeBrowser -->
      </class> <!-- crossBrowserTests.VerifyTitle -->
    </test> <!-- ChromeTest -->
  </suite> <!-- Suite -->
</testng-results>
