<?xml version="1.0" encoding="UTF-8"?>
<testng-results skipped="0" failed="0" total="3" passed="3">
  <reporter-output>
  </reporter-output>
  <suite name="Suite" duration-ms="33941" started-at="2020-02-18T11:43:34Z" finished-at="2020-02-18T11:44:07Z">
    <groups>
    </groups>
    <test name="FirefoxTest" duration-ms="15080" started-at="2020-02-18T11:43:34Z" finished-at="2020-02-18T11:43:49Z">
      <class name="crossBrowserTests.VerifyTitle">
        <test-method status="PASS" signature="openBrowser(java.lang.String)[pri:0, instance:crossBrowserTests.VerifyTitle@77caeb3e]" name="openBrowser" is-config="true" duration-ms="9752" started-at="2020-02-18T17:13:34Z" finished-at="2020-02-18T17:13:43Z">
          <params>
            <param index="0">
              <value>
                <![CDATA[firefox]]>
              </value>
            </param>
          </params>
          <reporter-output>
          </reporter-output>
        </test-method> <!-- openBrowser -->
        <test-method status="PASS" signature="verifyTitle()[pri:0, instance:crossBrowserTests.VerifyTitle@77caeb3e]" name="verifyTitle" duration-ms="5310" started-at="2020-02-18T17:13:43Z" finished-at="2020-02-18T17:13:49Z">
          <reporter-output>
          </reporter-output>
        </test-method> <!-- verifyTitle -->
        <test-method status="PASS" signature="closeBrowser()[pri:0, instance:crossBrowserTests.VerifyTitle@77caeb3e]" name="closeBrowser" is-config="true" duration-ms="0" started-at="2020-02-18T17:13:49Z" finished-at="2020-02-18T17:13:49Z">
          <reporter-output>
          </reporter-output>
        </test-method> <!-- closeBrowser -->
      </class> <!-- crossBrowserTests.VerifyTitle -->
    </test> <!-- FirefoxTest -->
    <test name="IETest" duration-ms="5521" started-at="2020-02-18T11:43:49Z" finished-at="2020-02-18T11:43:54Z">
      <class name="crossBrowserTests.VerifyTitle">
        <test-method status="PASS" signature="openBrowser(java.lang.String)[pri:0, instance:crossBrowserTests.VerifyTitle@204f30ec]" name="openBrowser" is-config="true" duration-ms="4722" started-at="2020-02-18T17:13:49Z" finished-at="2020-02-18T17:13:53Z">
          <params>
            <param index="0">
              <value>
                <![CDATA[ie]]>
              </value>
            </param>
          </params>
          <reporter-output>
          </reporter-output>
        </test-method> <!-- openBrowser -->
        <test-method status="PASS" signature="verifyTitle()[pri:0, instance:crossBrowserTests.VerifyTitle@204f30ec]" name="verifyTitle" duration-ms="793" started-at="2020-02-18T17:13:53Z" finished-at="2020-02-18T17:13:54Z">
          <reporter-output>
          </reporter-output>
        </test-method> <!-- verifyTitle -->
        <test-method status="PASS" signature="closeBrowser()[pri:0, instance:crossBrowserTests.VerifyTitle@204f30ec]" name="closeBrowser" is-config="true" duration-ms="0" started-at="2020-02-18T17:13:54Z" finished-at="2020-02-18T17:13:54Z">
          <reporter-output>
          </reporter-output>
        </test-method> <!-- closeBrowser -->
      </class> <!-- crossBrowserTests.VerifyTitle -->
    </test> <!-- IETest -->
    <test name="ChromeTest" duration-ms="13273" started-at="2020-02-18T11:43:54Z" finished-at="2020-02-18T11:44:07Z">
      <class name="crossBrowserTests.VerifyTitle">
        <test-method status="PASS" signature="openBrowser(java.lang.String)[pri:0, instance:crossBrowserTests.VerifyTitle@f6c48ac]" name="openBrowser" is-config="true" duration-ms="7824" started-at="2020-02-18T17:13:54Z" finished-at="2020-02-18T17:14:02Z">
          <params>
            <param index="0">
              <value>
                <![CDATA[chrome]]>
              </value>
            </param>
          </params>
          <reporter-output>
          </reporter-output>
        </test-method> <!-- openBrowser -->
        <test-method status="PASS" signature="verifyTitle()[pri:0, instance:crossBrowserTests.VerifyTitle@f6c48ac]" name="verifyTitle" duration-ms="5447" started-at="2020-02-18T17:14:02Z" finished-at="2020-02-18T17:14:07Z">
          <reporter-output>
          </reporter-output>
        </test-method> <!-- verifyTitle -->
        <test-method status="PASS" signature="closeBrowser()[pri:0, instance:crossBrowserTests.VerifyTitle@f6c48ac]" name="closeBrowser" is-config="true" duration-ms="0" started-at="2020-02-18T17:14:07Z" finished-at="2020-02-18T17:14:07Z">
          <reporter-output>
          </reporter-output>
        </test-method> <!-- closeBrowser -->
      </class> <!-- crossBrowserTests.VerifyTitle -->
    </test> <!-- ChromeTest -->
  </suite> <!-- Suite -->
</testng-results>
